<?xml version="1.0" encoding="UTF-8"?>
<robot generator="Robot 7.0 (Python 3.10.4 on win32)" generated="2024-06-03T15:23:39.868126" rpa="false" schemaversion="5">
<suite id="s1" name="Robot" source="C:\Projects\robot">
<suite id="s1-s1" name="Tests" source="C:\Projects\robot\tests">
<suite id="s1-s1-s1" name="Pulpit" source="C:\Projects\robot\tests\pulpit.robot">
<test id="s1-s1-s1-t1" name="SimplePayment" line="8">
<kw name="User Login" owner="login_page">
<kw name="Open Browser" owner="SeleniumLibrary">
<msg time="2024-06-03T15:23:40.209560" level="INFO">Opening browser 'Chrome' to base url 'https://demo-bank.vercel.app/'.</msg>
<arg>${BASE_URL}</arg>
<arg>${BASE_BROWSER}</arg>
<arg>headless=${HEADLESS}</arg>
<doc>Opens a new browser instance to the optional ``url``.</doc>
<status status="PASS" start="2024-06-03T15:23:40.209560" elapsed="1.829424"/>
</kw>
<kw name="Wait Until Element Is Visible" owner="SeleniumLibrary">
<arg>${LOGIN_ID}</arg>
<arg>timeout=2</arg>
<doc>Waits until the element ``locator`` is visible.</doc>
<status status="PASS" start="2024-06-03T15:23:42.039981" elapsed="0.024934"/>
</kw>
<kw name="Press Keys" owner="SeleniumLibrary">
<msg time="2024-06-03T15:23:42.065912" level="INFO">Sending key(s) ('TestUser',) to id:login_id element.</msg>
<msg time="2024-06-03T15:23:42.367127" level="INFO">Sending keys TestUser</msg>
<arg>${LOGIN_ID}</arg>
<arg>${user_login}</arg>
<doc>Simulates the user pressing key(s) to an element or on the active browser.</doc>
<status status="PASS" start="2024-06-03T15:23:42.064915" elapsed="0.327146"/>
</kw>
<kw name="Wait Until Element Is Visible" owner="SeleniumLibrary">
<arg>${LOGIN_PASSWORD}</arg>
<arg>timeout=2</arg>
<doc>Waits until the element ``locator`` is visible.</doc>
<status status="PASS" start="2024-06-03T15:23:42.393059" elapsed="0.019951"/>
</kw>
<kw name="Press Keys" owner="SeleniumLibrary">
<msg time="2024-06-03T15:23:42.414003" level="INFO">Sending key(s) (' TestPass',) to id:login_password element.</msg>
<msg time="2024-06-03T15:23:42.710732" level="INFO">Sending keys  TestPass</msg>
<arg>${LOGIN_PASSWORD}</arg>
<arg>${user_password}</arg>
<doc>Simulates the user pressing key(s) to an element or on the active browser.</doc>
<status status="PASS" start="2024-06-03T15:23:42.413010" elapsed="0.321327"/>
</kw>
<kw name="Run Keyword If" owner="BuiltIn">
<kw name="Click Button" owner="SeleniumLibrary">
<msg time="2024-06-03T15:23:42.735335" level="INFO">Clicking button 'id:login-btn'.</msg>
<arg>${LOGIN_BUTTON}</arg>
<doc>Clicks the button identified by ``locator``.</doc>
<status status="PASS" start="2024-06-03T15:23:42.735335" elapsed="0.295225"/>
</kw>
<arg>${login}</arg>
<arg>Click Button</arg>
<arg>${LOGIN_BUTTON}</arg>
<doc>Runs the given keyword with the given arguments, if ``condition`` is true.</doc>
<status status="PASS" start="2024-06-03T15:23:42.734337" elapsed="0.296223"/>
</kw>
<doc>Login user to system.
Arguments:
- ${login}: If True (default), user click login button.
- ${user_login}: User name. Default get from test data.
- ${user_password}: User password. Default get from test data.
- ${HEADLESS}: Run tests with/without GUI</doc>
<status status="PASS" start="2024-06-03T15:23:40.207571" elapsed="2.822989"/>
</kw>
<kw name="Set Variable" owner="BuiltIn">
<msg time="2024-06-03T15:23:43.031557" level="INFO">${reciever} = Chuck Demobankowy</msg>
<var>${reciever}</var>
<arg>${quick_payment["reciever"]}</arg>
<doc>Returns the given values which can then be assigned to a variables.</doc>
<status status="PASS" start="2024-06-03T15:23:43.031557" elapsed="0.000997"/>
</kw>
<kw name="Set Variable" owner="BuiltIn">
<msg time="2024-06-03T15:23:43.033553" level="INFO">${amount} = 100</msg>
<var>${amount}</var>
<arg>${quick_payment["amount"]}</arg>
<doc>Returns the given values which can then be assigned to a variables.</doc>
<status status="PASS" start="2024-06-03T15:23:43.032554" elapsed="0.000999"/>
</kw>
<kw name="Set Variable" owner="BuiltIn">
<msg time="2024-06-03T15:23:43.035547" level="INFO">${title} = Test title</msg>
<var>${title}</var>
<arg>${quick_payment["title"]}</arg>
<doc>Returns the given values which can then be assigned to a variables.</doc>
<status status="PASS" start="2024-06-03T15:23:43.034550" elapsed="0.000997"/>
</kw>
<kw name="Select From List By Label" owner="SeleniumLibrary">
<msg time="2024-06-03T15:23:43.036544" level="INFO">Selecting options from selection list 'id:widget_1_transfer_receiver' by label Chuck Demobankowy.</msg>
<arg>${DASHBOARD_QUICK_PAYMENT_RECIEVER}</arg>
<arg>${reciever}</arg>
<doc>Selects options from selection list ``locator`` by ``labels``.</doc>
<status status="PASS" start="2024-06-03T15:23:43.036544" elapsed="0.070810"/>
</kw>
<kw name="Press Keys" owner="SeleniumLibrary">
<msg time="2024-06-03T15:23:43.109349" level="INFO">Sending key(s) ('100',) to id:widget_1_transfer_amount element.</msg>
<msg time="2024-06-03T15:23:43.461522" level="INFO">Sending keys 100</msg>
<arg>${DASHBOARD_QUICK_PAYMENT_AMOUNT}</arg>
<arg>${amount}</arg>
<doc>Simulates the user pressing key(s) to an element or on the active browser.</doc>
<status status="PASS" start="2024-06-03T15:23:43.108352" elapsed="0.370185"/>
</kw>
<kw name="Press Keys" owner="SeleniumLibrary">
<msg time="2024-06-03T15:23:43.480275" level="INFO">Sending key(s) ('Test title',) to id:widget_1_transfer_title element.</msg>
<msg time="2024-06-03T15:23:43.774073" level="INFO">Sending keys Test title</msg>
<arg>${DASHBOARD_QUICK_PAYMENT_TITLE}</arg>
<arg>${title}</arg>
<doc>Simulates the user pressing key(s) to an element or on the active browser.</doc>
<status status="PASS" start="2024-06-03T15:23:43.479254" elapsed="0.331565"/>
</kw>
<kw name="Click Button" owner="SeleniumLibrary">
<msg time="2024-06-03T15:23:43.812813" level="INFO">Clicking button 'id:execute_btn'.</msg>
<arg>${DASHBOARD_QUICK_PAYMENT_SEND_BUTTON}</arg>
<doc>Clicks the button identified by ``locator``.</doc>
<status status="PASS" start="2024-06-03T15:23:43.811816" elapsed="0.087382"/>
</kw>
<kw name="Click Button" owner="SeleniumLibrary">
<msg time="2024-06-03T15:23:43.900199" level="INFO">Clicking button 'css:[data-testid='close-button']'.</msg>
<arg>${DASHBOARD_CLOSE_BUTTON}</arg>
<doc>Clicks the button identified by ``locator``.</doc>
<status status="PASS" start="2024-06-03T15:23:43.900199" elapsed="0.075082"/>
</kw>
<kw name="Set Variable" owner="BuiltIn">
<msg time="2024-06-03T15:23:43.976278" level="INFO">${expected} = Przelew wykonany! Chuck Demobankowy - 100,00PLN - Test title</msg>
<var>${expected}</var>
<arg>Przelew wykonany! ${reciever} - ${amount},00PLN - ${title}</arg>
<doc>Returns the given values which can then be assigned to a variables.</doc>
<status status="PASS" start="2024-06-03T15:23:43.976278" elapsed="0.000997"/>
</kw>
<kw name="Get Text" owner="SeleniumLibrary">
<msg time="2024-06-03T15:23:44.002572" level="INFO">${current} = Przelew wykonany! Chuck Demobankowy - 100,00PLN - Test title</msg>
<var>${current}</var>
<arg>${DASHBOARD_USER_MESSAGES}</arg>
<doc>Returns the text value of the element identified by ``locator``.</doc>
<status status="PASS" start="2024-06-03T15:23:43.977275" elapsed="0.025297"/>
</kw>
<kw name="Should Be Equal" owner="BuiltIn">
<arg>${expected}</arg>
<arg>${current}</arg>
<doc>Fails if the given objects are unequal.</doc>
<status status="PASS" start="2024-06-03T15:23:44.003302" elapsed="0.001000"/>
</kw>
<kw name="Default Teardown" owner="configuration" type="TEARDOWN">
<kw name="Get Current Date" owner="DateTime">
<msg time="2024-06-03T15:23:44.007295" level="INFO">${timestamp} = 2024-06-03 15:23:44</msg>
<var>${timestamp}</var>
<arg>result_format=%Y-%m-%d %H:%M:%S</arg>
<doc>Returns current local or UTC time with an optional increment.</doc>
<status status="PASS" start="2024-06-03T15:23:44.006297" elapsed="0.000998"/>
</kw>
<kw name="Replace String" owner="String">
<msg time="2024-06-03T15:23:44.008292" level="INFO">${safe_timestamp} = 2024-06-03 15-23-44</msg>
<var>${safe_timestamp}</var>
<arg>${timestamp}</arg>
<arg>:</arg>
<arg>-</arg>
<doc>Replaces ``search_for`` in the given ``string`` with ``replace_with``.</doc>
<status status="PASS" start="2024-06-03T15:23:44.008292" elapsed="0.000000"/>
</kw>
<kw name="Run Keyword If Test Failed" owner="BuiltIn">
<arg>Capture Page Screenshot</arg>
<arg>${TEST NAME}_${safe_timestamp}.png</arg>
<doc>Runs the given keyword with the given arguments, if the test failed.</doc>
<status status="PASS" start="2024-06-03T15:23:44.009297" elapsed="0.000000"/>
</kw>
<kw name="Close Browser" owner="SeleniumLibrary">
<doc>Closes the current browser.</doc>
<status status="PASS" start="2024-06-03T15:23:44.009297" elapsed="2.128899"/>
</kw>
<status status="PASS" start="2024-06-03T15:23:44.006297" elapsed="2.132892"/>
</kw>
<status status="PASS" start="2024-06-03T15:23:40.202557" elapsed="5.936632"/>
</test>
<status status="PASS" start="2024-06-03T15:23:39.911013" elapsed="6.231171"/>
</suite>
<status status="PASS" start="2024-06-03T15:23:39.907022" elapsed="6.237152"/>
</suite>
<status status="PASS" start="2024-06-03T15:23:39.879097" elapsed="6.267882"/>
</suite>
<statistics>
<total>
<stat pass="1" fail="0" skip="0">All Tests</stat>
</total>
<tag>
</tag>
<suite>
<stat pass="1" fail="0" skip="0" id="s1" name="Robot">Robot</stat>
<stat pass="1" fail="0" skip="0" id="s1-s1" name="Tests">Robot.Tests</stat>
<stat pass="1" fail="0" skip="0" id="s1-s1-s1" name="Pulpit">Robot.Tests.Pulpit</stat>
</suite>
</statistics>
<errors>
</errors>
</robot>
