<?xml version="1.0" encoding="UTF-8"?>
<robot generator="Robot 7.0 (Python 3.10.4 on win32)" generated="2024-06-03T15:37:38.772052" rpa="false" schemaversion="5">
<suite id="s1" name="Robot" source="C:\Projects\robot">
<suite id="s1-s1" name="Tests" source="C:\Projects\robot\tests">
<suite id="s1-s1-s1" name="Pulpit" source="C:\Projects\robot\tests\pulpit.robot">
<test id="s1-s1-s1-t1" name="TopUpPhone" line="23">
<kw name="User Login" owner="login_page">
<kw name="Open Browser" owner="SeleniumLibrary">
<msg time="2024-06-03T15:37:39.057284" level="INFO">Opening browser 'Chrome' to base url 'https://demo-bank.vercel.app/'.</msg>
<arg>${BASE_URL}</arg>
<arg>${BASE_BROWSER}</arg>
<arg>headless=${HEADLESS}</arg>
<doc>Opens a new browser instance to the optional ``url``.</doc>
<status status="PASS" start="2024-06-03T15:37:39.057284" elapsed="1.775888"/>
</kw>
<kw name="Wait Until Element Is Visible" owner="SeleniumLibrary">
<arg>${LOGIN_ID}</arg>
<arg>timeout=2</arg>
<doc>Waits until the element ``locator`` is visible.</doc>
<status status="PASS" start="2024-06-03T15:37:40.833172" elapsed="0.027925"/>
</kw>
<kw name="Press Keys" owner="SeleniumLibrary">
<msg time="2024-06-03T15:37:40.862095" level="INFO">Sending key(s) ('TestUser',) to id:login_id element.</msg>
<msg time="2024-06-03T15:37:41.202906" level="INFO">Sending keys TestUser</msg>
<arg>${LOGIN_ID}</arg>
<arg>${user_login}</arg>
<doc>Simulates the user pressing key(s) to an element or on the active browser.</doc>
<status status="PASS" start="2024-06-03T15:37:40.861097" elapsed="0.370732"/>
</kw>
<kw name="Wait Until Element Is Visible" owner="SeleniumLibrary">
<arg>${LOGIN_PASSWORD}</arg>
<arg>timeout=2</arg>
<doc>Waits until the element ``locator`` is visible.</doc>
<status status="PASS" start="2024-06-03T15:37:41.231829" elapsed="0.019946"/>
</kw>
<kw name="Press Keys" owner="SeleniumLibrary">
<msg time="2024-06-03T15:37:41.253770" level="INFO">Sending key(s) (' TestPass',) to id:login_password element.</msg>
<msg time="2024-06-03T15:37:41.548910" level="INFO">Sending keys  TestPass</msg>
<arg>${LOGIN_PASSWORD}</arg>
<arg>${user_password}</arg>
<doc>Simulates the user pressing key(s) to an element or on the active browser.</doc>
<status status="PASS" start="2024-06-03T15:37:41.252772" elapsed="0.316899"/>
</kw>
<kw name="Run Keyword If" owner="BuiltIn">
<kw name="Click Button" owner="SeleniumLibrary">
<msg time="2024-06-03T15:37:41.570669" level="INFO">Clicking button 'id:login-btn'.</msg>
<arg>${LOGIN_BUTTON}</arg>
<doc>Clicks the button identified by ``locator``.</doc>
<status status="PASS" start="2024-06-03T15:37:41.570669" elapsed="0.291256"/>
</kw>
<arg>${login}</arg>
<arg>Click Button</arg>
<arg>${LOGIN_BUTTON}</arg>
<doc>Runs the given keyword with the given arguments, if ``condition`` is true.</doc>
<status status="PASS" start="2024-06-03T15:37:41.569671" elapsed="0.292254"/>
</kw>
<doc>Login user to system.
Arguments:
- ${login}: If True (default), user click login button.
- ${user_login}: User name. Default get from test data.
- ${user_password}: User password. Default get from test data.
- ${HEADLESS}: Run tests with/without GUI</doc>
<status status="PASS" start="2024-06-03T15:37:39.055289" elapsed="2.806636"/>
</kw>
<kw name="Set Variable" owner="BuiltIn">
<msg time="2024-06-03T15:37:41.863919" level="INFO">${reciever} = 500 xxx xxx</msg>
<var>${reciever}</var>
<arg>${top_up_phone["reciever"]}</arg>
<doc>Returns the given values which can then be assigned to a variables.</doc>
<status status="PASS" start="2024-06-03T15:37:41.862929" elapsed="0.000990"/>
</kw>
<kw name="Set Variable" owner="BuiltIn">
<msg time="2024-06-03T15:37:41.865914" level="INFO">${amount} = 50</msg>
<var>${amount}</var>
<arg>${top_up_phone["amount"]}</arg>
<doc>Returns the given values which can then be assigned to a variables.</doc>
<status status="PASS" start="2024-06-03T15:37:41.864917" elapsed="0.000997"/>
</kw>
<kw name="Select From List By Label" owner="SeleniumLibrary">
<msg time="2024-06-03T15:37:41.867909" level="INFO">Selecting options from selection list 'id:widget_1_topup_receiver' by label 500 xxx xxx.</msg>
<arg>${DASHBOARD_TOP_UP_PHONE_RECIEVER}</arg>
<arg>${reciever}</arg>
<doc>Selects options from selection list ``locator`` by ``labels``.</doc>
<status status="PASS" start="2024-06-03T15:37:41.866912" elapsed="0.074802"/>
</kw>
<kw name="Press Keys" owner="SeleniumLibrary">
<msg time="2024-06-03T15:37:41.943707" level="INFO">Sending key(s) ('50',) to id:widget_1_topup_amount element.</msg>
<msg time="2024-06-03T15:37:42.266067" level="INFO">Sending keys 50</msg>
<arg>${DASHBOARD_TOP_UP_PHONE_AMOUNT}</arg>
<arg>${amount}</arg>
<doc>Simulates the user pressing key(s) to an element or on the active browser.</doc>
<status status="PASS" start="2024-06-03T15:37:41.942710" elapsed="0.335994"/>
</kw>
<kw name="Select Checkbox" owner="SeleniumLibrary">
<msg time="2024-06-03T15:37:42.280698" level="INFO">Selecting checkbox 'id:widget_1_topup_agreement'.</msg>
<arg>${DASHBOARD_TOP_UP_PHONE_CHECKBOX}</arg>
<doc>Selects the checkbox identified by ``locator``.</doc>
<status status="PASS" start="2024-06-03T15:37:42.279701" elapsed="0.081946"/>
</kw>
<kw name="Click Button" owner="SeleniumLibrary">
<msg time="2024-06-03T15:37:42.363642" level="INFO">Clicking button 'id:execute_phone_btn'.</msg>
<arg>${DASHBOARD_TOP_UP_PHONE_EXECUTE_BUTTON}</arg>
<doc>Clicks the button identified by ``locator``.</doc>
<status status="PASS" start="2024-06-03T15:37:42.362644" elapsed="0.087668"/>
</kw>
<kw name="Click Button" owner="SeleniumLibrary">
<msg time="2024-06-03T15:37:42.451277" level="INFO">Clicking button 'css:[data-testid='close-button']'.</msg>
<arg>${DASHBOARD_CLOSE_BUTTON}</arg>
<doc>Clicks the button identified by ``locator``.</doc>
<status status="PASS" start="2024-06-03T15:37:42.451277" elapsed="0.071060"/>
</kw>
<kw name="Set Variable" owner="BuiltIn">
<msg time="2024-06-03T15:37:42.523341" level="INFO">${expected} = Doładowanie wykonane! 50,00PLN na numer 500 xxx xxx</msg>
<var>${expected}</var>
<arg>Doładowanie wykonane! ${amount},00PLN na numer ${reciever}</arg>
<doc>Returns the given values which can then be assigned to a variables.</doc>
<status status="PASS" start="2024-06-03T15:37:42.523341" elapsed="0.000993"/>
</kw>
<kw name="Get Text" owner="SeleniumLibrary">
<msg time="2024-06-03T15:37:42.553312" level="INFO">${current} = Doładowanie wykonane! 50,00PLN na numer 500 xxx xxx</msg>
<var>${current}</var>
<arg>${DASHBOARD_USER_MESSAGES}</arg>
<doc>Returns the text value of the element identified by ``locator``.</doc>
<status status="PASS" start="2024-06-03T15:37:42.525345" elapsed="0.027967"/>
</kw>
<kw name="Should Be Equal" owner="BuiltIn">
<arg>${expected}</arg>
<arg>${current}</arg>
<doc>Fails if the given objects are unequal.</doc>
<status status="PASS" start="2024-06-03T15:37:42.554101" elapsed="0.001000"/>
</kw>
<kw name="Default Teardown" owner="configuration" type="TEARDOWN">
<kw name="Get Current Date" owner="DateTime">
<msg time="2024-06-03T15:37:42.557123" level="INFO">${timestamp} = 2024-06-03 15:37:42</msg>
<var>${timestamp}</var>
<arg>result_format=%Y-%m-%d %H:%M:%S</arg>
<doc>Returns current local or UTC time with an optional increment.</doc>
<status status="PASS" start="2024-06-03T15:37:42.556099" elapsed="0.001024"/>
</kw>
<kw name="Replace String" owner="String">
<msg time="2024-06-03T15:37:42.558119" level="INFO">${safe_timestamp} = 2024-06-03 15-37-42</msg>
<var>${safe_timestamp}</var>
<arg>${timestamp}</arg>
<arg>:</arg>
<arg>-</arg>
<doc>Replaces ``search_for`` in the given ``string`` with ``replace_with``.</doc>
<status status="PASS" start="2024-06-03T15:37:42.557123" elapsed="0.000996"/>
</kw>
<kw name="Run Keyword If Test Failed" owner="BuiltIn">
<arg>Capture Page Screenshot</arg>
<arg>${TEST NAME}_${safe_timestamp}.png</arg>
<doc>Runs the given keyword with the given arguments, if the test failed.</doc>
<status status="PASS" start="2024-06-03T15:37:42.559090" elapsed="0.000000"/>
</kw>
<kw name="Close Browser" owner="SeleniumLibrary">
<doc>Closes the current browser.</doc>
<status status="PASS" start="2024-06-03T15:37:42.560088" elapsed="2.120450"/>
</kw>
<status status="PASS" start="2024-06-03T15:37:42.556099" elapsed="2.124439"/>
</kw>
<status status="PASS" start="2024-06-03T15:37:39.049305" elapsed="5.632189"/>
</test>
<status status="PASS" start="2024-06-03T15:37:38.812937" elapsed="5.871455"/>
</suite>
<status status="PASS" start="2024-06-03T15:37:38.808948" elapsed="5.877440"/>
</suite>
<status status="PASS" start="2024-06-03T15:37:38.783044" elapsed="5.905325"/>
</suite>
<statistics>
<total>
<stat pass="1" fail="0" skip="0">All Tests</stat>
</total>
<tag>
</tag>
<suite>
<stat pass="1" fail="0" skip="0" id="s1" name="Robot">Robot</stat>
<stat pass="1" fail="0" skip="0" id="s1-s1" name="Tests">Robot.Tests</stat>
<stat pass="1" fail="0" skip="0" id="s1-s1-s1" name="Pulpit">Robot.Tests.Pulpit</stat>
</suite>
</statistics>
<errors>
</errors>
</robot>
